c:\users\beletristika\source\repos\rg_lab1\rg_lab1\x64\debug\vc142.pdb
c:\users\beletristika\source\repos\rg_lab1\rg_lab1\x64\debug\vc142.idb
c:\users\beletristika\source\repos\rg_lab1\rg_lab1\x64\debug\main.obj
c:\users\beletristika\source\repos\rg_lab1\rg_lab1\x64\debug\main22.obj
c:\users\beletristika\source\repos\rg_lab1\rg_lab1\x64\debug\main.obj.enc
c:\users\beletristika\source\repos\rg_lab1\x64\debug\rg_lab1.pdb
c:\users\beletristika\source\repos\rg_lab1\rg_lab1\x64\debug\rg_lab1.tlog\cl.command.1.tlog
c:\users\beletristika\source\repos\rg_lab1\rg_lab1\x64\debug\rg_lab1.tlog\cl.read.1.tlog
c:\users\beletristika\source\repos\rg_lab1\rg_lab1\x64\debug\rg_lab1.tlog\cl.write.1.tlog
c:\users\beletristika\source\repos\rg_lab1\rg_lab1\x64\debug\rg_lab1.tlog\link-cvtres.read.1.tlog
c:\users\beletristika\source\repos\rg_lab1\rg_lab1\x64\debug\rg_lab1.tlog\link-cvtres.write.1.tlog
c:\users\beletristika\source\repos\rg_lab1\rg_lab1\x64\debug\rg_lab1.tlog\link-rc.read.1.tlog
c:\users\beletristika\source\repos\rg_lab1\rg_lab1\x64\debug\rg_lab1.tlog\link-rc.write.1.tlog
c:\users\beletristika\source\repos\rg_lab1\rg_lab1\x64\debug\rg_lab1.tlog\link.1904-cvtres.read.1.tlog
c:\users\beletristika\source\repos\rg_lab1\rg_lab1\x64\debug\rg_lab1.tlog\link.1904-cvtres.write.1.tlog
c:\users\beletristika\source\repos\rg_lab1\rg_lab1\x64\debug\rg_lab1.tlog\link.1904-rc.read.1.tlog
c:\users\beletristika\source\repos\rg_lab1\rg_lab1\x64\debug\rg_lab1.tlog\link.1904-rc.write.1.tlog
c:\users\beletristika\source\repos\rg_lab1\rg_lab1\x64\debug\rg_lab1.tlog\link.1904.read.1.tlog
c:\users\beletristika\source\repos\rg_lab1\rg_lab1\x64\debug\rg_lab1.tlog\link.1904.write.1.tlog
c:\users\beletristika\source\repos\rg_lab1\rg_lab1\x64\debug\rg_lab1.tlog\link.command.1.tlog
c:\users\beletristika\source\repos\rg_lab1\rg_lab1\x64\debug\rg_lab1.tlog\link.read.1.tlog
c:\users\beletristika\source\repos\rg_lab1\rg_lab1\x64\debug\rg_lab1.tlog\link.write.1.tlog
